[handleMsg]:  {
  key: {
    remoteJid: '573143210640@s.whatsapp.net',
    fromMe: false,
    id: '3EB091F650046C539C7684',
    participant: undefined
  },
  messageTimestamp: 1724162362,
  pushName: 'Fredy Ortegon',
  broadcast: false,
  message: Message {
    extendedTextMessage: ExtendedTextMessage {
      text: 'hola',
      contextInfo: [ContextInfo],
      inviteLinkGroupTypeV2: 0
    },
    messageContextInfo: MessageContextInfo {
      deviceListMetadata: [DeviceListMetadata],
      deviceListMetadataVersion: 2
    }
  },
  verifiedBizName: 'Fredy Ortegon',
  body: 'hola',
  from: '573143210640'
}
[QUEUE_SE_ENVIO]:  {
  ref: 'ans_133db991-27c4-4d4b-96ce-04c09095be39',
  keyword: 'key_7cc74483-293d-4978-8dfe-180ddf40f4d7',
  answer: '__call_action__',
  options: {
    media: null,
    buttons: [],
    capture: false,
    child: null,
    delay: 0,
    idle: null,
    ref: null,
    nested: [],
    keyword: {},
    callback: true
  },
  refSerialize: '88d77f200b46ec1fcb5cd06d52eeac0f'
}
[handleMsg]:  {
  key: {
    remoteJid: '573143210640@s.whatsapp.net',
    fromMe: false,
    id: '3EB07918730C926A445EE2',
    participant: undefined
  },
  messageTimestamp: 1724162371,
  pushName: 'Fredy Ortegon',
  broadcast: false,
  message: Message {
    extendedTextMessage: ExtendedTextMessage {
      text: '!active',
      contextInfo: [ContextInfo],
      inviteLinkGroupTypeV2: 0
    },
    messageContextInfo: MessageContextInfo {
      deviceListMetadata: [DeviceListMetadata],
      deviceListMetadataVersion: 2
    }
  },
  verifiedBizName: 'Fredy Ortegon',
  body: '!active',
  from: '573143210640'
}
[QUEUE_SE_ENVIO]:  {
  ref: 'ans_31a4e7e8-d0bb-45b8-9b0c-4d6a0d574224',
  keyword: 'key_dbdb9486-74c3-4280-890c-81b446d41412',
  answer: '__call_action__',
  options: {
    media: null,
    buttons: [],
    capture: false,
    child: null,
    delay: 0,
    idle: null,
    ref: null,
    nested: [],
    keyword: {},
    callback: true
  },
  refSerialize: '37d1882396c3781521e2fb78800bc54f'
}
